<?xml version="1.0" encoding="UTF-8"?>
<testsuite name="SimpleBankSystemTest" tests="1" skipped="0" failures="0" errors="0" timestamp="2021-07-27T10:49:09" hostname="DESKTOP-K8HRENQ" time="1.451">
  <properties/>
  <testcase name="start" classname="SimpleBankSystemTest" time="1.451"/>
  <system-out><![CDATA[?[1;31m
Start test 1?[0m
1. Create an account
2. Log into account
0. Exit

> 1
Your card has been created
Your card number:
4000001321683201
Your card PIN:
1235

1. Create an account
2. Log into account
0. Exit

> 1
Your card has been created
Your card number:
4000001272230219
Your card PIN:
3370

1. Create an account
2. Log into account
0. Exit

> 0
Bye!
?[1;31m
Start test 2?[0m
1. Create an account
2. Log into account
0. Exit

> 1
Your card has been created
Your card number:
4000001382076059
Your card PIN:
8634

1. Create an account
2. Log into account
0. Exit

> 2
Enter your card number:
> 4000001382076059
Enter your PIN:
> 8634
8634
You have successfully logged in!
1. Balance
2. Log out
0. Exit

> 2
You have successfully logged out!
1. Create an account
2. Log into account
0. Exit

> 0
Bye!
?[1;31m
Start test 3?[0m
1. Create an account
2. Log into account
0. Exit

> 1
Your card has been created
Your card number:
4000001360941031
Your card PIN:
3875

1. Create an account
2. Log into account
0. Exit

> 2
Enter your card number:
> 4000001360941031
Enter your PIN:
> 1829
0
Wrong card number or PIN!
1. Create an account
2. Log into account
0. Exit

> 0
Bye!
?[1;31m
Start test 4?[0m
1. Create an account
2. Log into account
0. Exit

> 1
Your card has been created
Your card number:
4000001341606863
Your card PIN:
4624

1. Create an account
2. Log into account
0. Exit

> 2
Enter your card number:
> 400000351862513
Enter your PIN:
> 4624
0
Wrong card number or PIN!
1. Create an account
2. Log into account
0. Exit

?[1;31m
Start test 5?[0m
1. Create an account
2. Log into account
0. Exit

> 1
Your card has been created
Your card number:
4000001170182626
Your card PIN:
5030

1. Create an account
2. Log into account
0. Exit

> 2
Enter your card number:
> 4000001170182626
Enter your PIN:
> 5030
5030
You have successfully logged in!
1. Balance
2. Log out
0. Exit

> 1
Balance: 0
1. Balance
2. Log out
0. Exit

> 0
Bye!
1. Create an account
2. Log into account
0. Exit

]]></system-out>
  <system-err><![CDATA[]]></system-err>
</testsuite>
